0 info it worked if it ends with ok
1 verbose cli [ '/Users/mengru.li/.nvm/versions/node/v6.8.1/bin/node',
1 verbose cli   '/Users/mengru.li/.nvm/versions/node/v6.8.1/bin/npm',
1 verbose cli   'run',
1 verbose cli   'dev' ]
2 info using npm@3.10.8
3 info using node@v6.8.1
4 verbose run-script [ 'predev', 'dev', 'postdev' ]
5 info lifecycle blog-template-nextjs@0.1.0~predev: blog-template-nextjs@0.1.0
6 silly lifecycle blog-template-nextjs@0.1.0~predev: no script for predev, continuing
7 info lifecycle blog-template-nextjs@0.1.0~dev: blog-template-nextjs@0.1.0
8 verbose lifecycle blog-template-nextjs@0.1.0~dev: unsafe-perm in lifecycle true
9 verbose lifecycle blog-template-nextjs@0.1.0~dev: PATH: /Users/mengru.li/.nvm/versions/node/v6.8.1/lib/node_modules/npm/bin/node-gyp-bin:/Users/mengru.li/bcworkspace/blog-template/blog/node_modules/.bin:/Users/mengru.li/.nvm/versions/node/v6.8.1/bin:/Users/mengru.li/.pyenv/shims:/Users/mengru.li/.rbenv/shims:/usr/local/opt/gnu-sed/libexec/gnubin:/Users/mengru.li/bcworkspace/bcov-cli:/usr/local/opt/node@10/bin:/usr/local/opt/coreutils/libexec/gnubin:/usr/local/apache-maven/bin:/Users/mengru.li/bcworkspace/iam-utils/sqrl:/Users/mengru.li/Library/Python/2.7/bin:/Users/mengru.li/mongodb/bin:/Library/Java/JavaVirtualMachines/jdk1.8.0_171.jdk/Contents/Home/bin:/usr/local/sbin:/usr/local/mysql/bin:/usr/local/bin:/usr/bin:/bin:/usr/sbin:/sbin:/usr/local/go/bin:/Users/mengru.li/.nvm/versions/node/v6.8.1/bin:/Users/mengru.li/.pyenv/shims:/Users/mengru.li/.rbenv/shims:/usr/local/opt/gnu-sed/libexec/gnubin:/Users/mengru.li/bcworkspace/bcov-cli:/usr/local/opt/node@10/bin:/usr/local/opt/coreutils/libexec/gnubin:/usr/local/apache-maven/bin:/Users/mengru.li/bcworkspace/iam-utils/sqrl:/Users/mengru.li/Library/Python/2.7/bin:/Users/mengru.li/mongodb/bin:/Library/Java/JavaVirtualMachines/jdk1.8.0_171.jdk/Contents/Home/bin:/usr/local/sbin:/usr/local/mysql/bin
10 verbose lifecycle blog-template-nextjs@0.1.0~dev: CWD: /Users/mengru.li/bcworkspace/blog-template/blog
11 silly lifecycle blog-template-nextjs@0.1.0~dev: Args: [ '-c', 'next dev' ]
12 silly lifecycle blog-template-nextjs@0.1.0~dev: Returned: code: 1  signal: null
13 info lifecycle blog-template-nextjs@0.1.0~dev: Failed to exec dev script
14 verbose stack Error: blog-template-nextjs@0.1.0 dev: `next dev`
14 verbose stack Exit status 1
14 verbose stack     at EventEmitter.<anonymous> (/Users/mengru.li/.nvm/versions/node/v6.8.1/lib/node_modules/npm/lib/utils/lifecycle.js:255:16)
14 verbose stack     at emitTwo (events.js:106:13)
14 verbose stack     at EventEmitter.emit (events.js:191:7)
14 verbose stack     at ChildProcess.<anonymous> (/Users/mengru.li/.nvm/versions/node/v6.8.1/lib/node_modules/npm/lib/utils/spawn.js:40:14)
14 verbose stack     at emitTwo (events.js:106:13)
14 verbose stack     at ChildProcess.emit (events.js:191:7)
14 verbose stack     at maybeClose (internal/child_process.js:877:16)
14 verbose stack     at Process.ChildProcess._handle.onexit (internal/child_process.js:226:5)
15 verbose pkgid blog-template-nextjs@0.1.0
16 verbose cwd /Users/mengru.li/bcworkspace/blog-template/blog
17 error Darwin 17.7.0
18 error argv "/Users/mengru.li/.nvm/versions/node/v6.8.1/bin/node" "/Users/mengru.li/.nvm/versions/node/v6.8.1/bin/npm" "run" "dev"
19 error node v6.8.1
20 error npm  v3.10.8
21 error code ELIFECYCLE
22 error blog-template-nextjs@0.1.0 dev: `next dev`
22 error Exit status 1
23 error Failed at the blog-template-nextjs@0.1.0 dev script 'next dev'.
23 error Make sure you have the latest version of node.js and npm installed.
23 error If you do, this is most likely a problem with the blog-template-nextjs package,
23 error not with npm itself.
23 error Tell the author that this fails on your system:
23 error     next dev
23 error You can get information on how to open an issue for this project with:
23 error     npm bugs blog-template-nextjs
23 error Or if that isn't available, you can get their info via:
23 error     npm owner ls blog-template-nextjs
23 error There is likely additional logging output above.
24 verbose exit [ 1, true ]
